<?xml version="1.0" encoding="UTF-8"?>
<!-- Generated by org.testng.reporters.JUnitXMLReporter -->
<testsuite ignored="0" hostname="LTIN461095" failures="0" tests="11" name="Test" time="29.77" errors="0" timestamp="2024-05-09T22:04:01 IST">
  <testcase classname="TestSuites.TestCases" name="Login" time="7.818"/>
  <testcase classname="TestSuites.TestCases" name="Filtration" time="0.558"/>
  <testcase classname="TestSuites.TestCases" name="FetchDetails" time="0.742"/>
  <testcase classname="TestSuites.TestCases" name="AddItems" time="1.221"/>
  <testcase classname="TestSuites.TestCases" name="RemoveItem" time="0.907"/>
  <testcase classname="TestSuites.TestCases" name="EnterInvalidDetails" time="1.324"/>
  <testcase classname="TestSuites.TestCases" name="EnterDetails" time="1.544"/>
  <testcase classname="TestSuites.TestCases" name="FetchShippingDetails" time="0.124"/>
  <testcase classname="TestSuites.TestCases" name="Finish" time="1.246"/>
  <testcase classname="TestSuites.TestCases" name="Logout" time="0.645"/>
  <testcase classname="TestSuites.TestCases" name="InvalidLogin" time="0.861"/>
</testsuite> <!-- Test -->
