<?xml version="1.0" encoding="UTF-8"?>
<testng-results ignored="0" total="11" passed="11" failed="0" skipped="0">
  <reporter-output>
  </reporter-output>
  <suite started-at="2024-05-10T06:14:06 IST" name="Default suite" finished-at="2024-05-10T06:14:16 IST" duration-ms="10433">
    <groups>
    </groups>
    <test started-at="2024-05-10T06:14:06 IST" name="Default test" finished-at="2024-05-10T06:14:16 IST" duration-ms="10433">
      <class name="TestSuites.TestCases">
        <test-method is-config="true" signature="invokebrowser()[pri:0, instance:TestSuites.TestCases@4b013c76]" started-at="2024-05-10T06:14:06 IST" name="invokebrowser" finished-at="2024-05-10T06:14:09 IST" duration-ms="3330" status="PASS">
          <reporter-output>
          </reporter-output>
        </test-method> <!-- invokebrowser -->
        <test-method signature="Login()[pri:1, instance:TestSuites.TestCases@4b013c76]" started-at="2024-05-10T06:14:09 IST" name="Login" finished-at="2024-05-10T06:14:11 IST" duration-ms="2308" status="PASS">
          <reporter-output>
          </reporter-output>
        </test-method> <!-- Login -->
        <test-method signature="Filtration()[pri:2, instance:TestSuites.TestCases@4b013c76]" started-at="2024-05-10T06:14:11 IST" name="Filtration" finished-at="2024-05-10T06:14:11 IST" duration-ms="194" status="PASS">
          <reporter-output>
          </reporter-output>
        </test-method> <!-- Filtration -->
        <test-method signature="FetchDetails()[pri:3, instance:TestSuites.TestCases@4b013c76]" started-at="2024-05-10T06:14:11 IST" name="FetchDetails" finished-at="2024-05-10T06:14:12 IST" duration-ms="220" status="PASS">
          <reporter-output>
          </reporter-output>
        </test-method> <!-- FetchDetails -->
        <test-method signature="AddItems()[pri:4, instance:TestSuites.TestCases@4b013c76]" started-at="2024-05-10T06:14:12 IST" name="AddItems" finished-at="2024-05-10T06:14:12 IST" duration-ms="487" status="PASS">
          <reporter-output>
          </reporter-output>
        </test-method> <!-- AddItems -->
        <test-method signature="RemoveItem()[pri:5, instance:TestSuites.TestCases@4b013c76]" started-at="2024-05-10T06:14:12 IST" name="RemoveItem" finished-at="2024-05-10T06:14:13 IST" duration-ms="436" status="PASS">
          <reporter-output>
          </reporter-output>
        </test-method> <!-- RemoveItem -->
        <test-method signature="EnterInvalidDetails()[pri:6, instance:TestSuites.TestCases@4b013c76]" started-at="2024-05-10T06:14:13 IST" name="EnterInvalidDetails" finished-at="2024-05-10T06:14:13 IST" duration-ms="332" status="PASS">
          <reporter-output>
          </reporter-output>
        </test-method> <!-- EnterInvalidDetails -->
        <test-method signature="EnterDetails()[pri:7, instance:TestSuites.TestCases@4b013c76]" started-at="2024-05-10T06:14:13 IST" name="EnterDetails" finished-at="2024-05-10T06:14:13 IST" duration-ms="536" status="PASS">
          <reporter-output>
          </reporter-output>
        </test-method> <!-- EnterDetails -->
        <test-method signature="FetchShippingDetails()[pri:8, instance:TestSuites.TestCases@4b013c76]" started-at="2024-05-10T06:14:13 IST" name="FetchShippingDetails" finished-at="2024-05-10T06:14:13 IST" duration-ms="49" status="PASS">
          <reporter-output>
          </reporter-output>
        </test-method> <!-- FetchShippingDetails -->
        <test-method signature="Finish()[pri:9, instance:TestSuites.TestCases@4b013c76]" started-at="2024-05-10T06:14:13 IST" name="Finish" finished-at="2024-05-10T06:14:14 IST" duration-ms="694" status="PASS">
          <reporter-output>
          </reporter-output>
        </test-method> <!-- Finish -->
        <test-method signature="Logout()[pri:10, instance:TestSuites.TestCases@4b013c76]" started-at="2024-05-10T06:14:14 IST" name="Logout" finished-at="2024-05-10T06:14:15 IST" duration-ms="441" status="PASS">
          <reporter-output>
          </reporter-output>
        </test-method> <!-- Logout -->
        <test-method signature="InvalidLogin()[pri:11, instance:TestSuites.TestCases@4b013c76]" started-at="2024-05-10T06:14:15 IST" name="InvalidLogin" finished-at="2024-05-10T06:14:15 IST" duration-ms="245" status="PASS">
          <reporter-output>
          </reporter-output>
        </test-method> <!-- InvalidLogin -->
        <test-method is-config="true" signature="closebrower()[pri:0, instance:TestSuites.TestCases@4b013c76]" started-at="2024-05-10T06:14:15 IST" name="closebrower" finished-at="2024-05-10T06:14:16 IST" duration-ms="1108" status="PASS">
          <reporter-output>
          </reporter-output>
        </test-method> <!-- closebrower -->
      </class> <!-- TestSuites.TestCases -->
    </test> <!-- Default test -->
  </suite> <!-- Default suite -->
</testng-results>
